{"name": "Проверка номера заказа в работе", "status": "broken", "statusDetails": {"message": "selenium.common.exceptions.ElementClickInterceptedException: Message: element click intercepted: Element <button type=\"button\" class=\"Modal_modal__close_modified__3V5XS Modal_modal__close__TnseK\">...</button> is not clickable at point (906, 83). Other element would receive the click: <div class=\"Modal_modal_overlay__x2ZCr\"></div>\n  (Session info: chrome=137.0.7151.120)\nStacktrace:\n0   chromedriver                        0x000000010284dd14 cxxbridge1$str$ptr + 2735276\n1   chromedriver                        0x0000000102845f88 cxxbridge1$str$ptr + 2703136\n2   chromedriver                        0x00000001023966f0 cxxbridge1$string$len + 90424\n3   chromedriver                        0x00000001023e3544 cxxbridge1$string$len + 405388\n4   chromedriver                        0x00000001023e1ab0 cxxbridge1$string$len + 398584\n5   chromedriver                        0x00000001023df8c4 cxxbridge1$string$len + 389900\n6   chromedriver                        0x00000001023decc0 cxxbridge1$string$len + 386824\n7   chromedriver                        0x00000001023d3728 cxxbridge1$string$len + 340336\n8   chromedriver                        0x00000001023d31b4 cxxbridge1$string$len + 338940\n9   chromedriver                        0x000000010241f0c8 cxxbridge1$string$len + 650000\n10  chromedriver                        0x00000001023d1be8 cxxbridge1$string$len + 333360\n11  chromedriver                        0x0000000102811598 cxxbridge1$str$ptr + 2487600\n12  chromedriver                        0x0000000102814830 cxxbridge1$str$ptr + 2500552\n13  chromedriver                        0x00000001027f1c14 cxxbridge1$str$ptr + 2358188\n14  chromedriver                        0x00000001028150b8 cxxbridge1$str$ptr + 2502736\n15  chromedriver                        0x00000001027e2dec cxxbridge1$str$ptr + 2297220\n16  chromedriver                        0x0000000102835420 cxxbridge1$str$ptr + 2634680\n17  chromedriver                        0x00000001028355ac cxxbridge1$str$ptr + 2635076\n18  chromedriver                        0x0000000102845bd4 cxxbridge1$str$ptr + 2702188\n19  libsystem_pthread.dylib             0x00000001804d02e4 _pthread_start + 136\n20  libsystem_pthread.dylib             0x00000001804cb0fc thread_start + 8", "trace": "self = <tests.test_order.TestOrder object at 0x106f5a690>, driver = <selenium.webdriver.chrome.webdriver.WebDriver (session=\"0ef0d1d9d4621674e7b754323f6fca34\")>\n\n    @allure.title('Проверка номера заказа в работе')\n    def test_counter_order_all_in_all_time(self, driver):\n        cp = ConstructorPage(driver)\n        ap = AuthPage(driver)\n        op = OrderFeedPage(driver)\n        cp.open_url_stellar()\n        cp.wait_overlaying_element_disappeared()\n        cp.click_to_log_button()\n        ap.add_auth_field_click()\n        cp.drag_and_drop()\n        cp.wait_overlaying_element_disappeared()\n        cp.click_to_order_button()\n        cp.wait_overlaying_element_disappeared()\n        new_order = cp.giv_new_order_number()\n>       cp.close_modal_window()\n\ntests/test_order.py:101: \n_ _ _ _ _ _ _ _ _ _ _ _ _ _ _ _ _ _ _ _ _ _ _ _ _ _ _ _ _ _ _ _ _ _ _ _ _ _ _ _ _ _ _ _ _ _ _ _ _ _ _ _ _ _ _ _ _ _ _ _ _ _ _ _ _ _ _ _ _ _ _ _ _ _ _ _ _ _ _ _ _ _ _ _ _ \npages/constructor_page.py:67: in close_modal_window\n    self.click_to_element(ConstructorPageLoc.CLOSE_MOD_BUTTON)\npages/base_page.py:41: in click_to_element\n    self.driver.find_element(*locator).click()\n../Sprint_5 — копия/.venv/lib/python3.12/site-packages/selenium/webdriver/remote/webelement.py:119: in click\n    self._execute(Command.CLICK_ELEMENT)\n../Sprint_5 — копия/.venv/lib/python3.12/site-packages/selenium/webdriver/remote/webelement.py:572: in _execute\n    return self._parent.execute(command, params)\n../Sprint_5 — копия/.venv/lib/python3.12/site-packages/selenium/webdriver/remote/webdriver.py:429: in execute\n    self.error_handler.check_response(response)\n_ _ _ _ _ _ _ _ _ _ _ _ _ _ _ _ _ _ _ _ _ _ _ _ _ _ _ _ _ _ _ _ _ _ _ _ _ _ _ _ _ _ _ _ _ _ _ _ _ _ _ _ _ _ _ _ _ _ _ _ _ _ _ _ _ _ _ _ _ _ _ _ _ _ _ _ _ _ _ _ _ _ _ _ _ \n\nself = <selenium.webdriver.remote.errorhandler.ErrorHandler object at 0x106ef1340>\nresponse = {'status': 400, 'value': '{\"value\":{\"error\":\"element click intercepted\",\"message\":\"element click intercepted: Element ...0001804d02e4 _pthread_start + 136\\\\n20  libsystem_pthread.dylib             0x00000001804cb0fc thread_start + 8\\\\n\"}}'}\n\n    def check_response(self, response: Dict[str, Any]) -> None:\n        \"\"\"Checks that a JSON response from the WebDriver does not have an\n        error.\n    \n        :Args:\n         - response - The JSON response from the WebDriver server as a dictionary\n           object.\n    \n        :Raises: If the response contains an error message.\n        \"\"\"\n        status = response.get(\"status\", None)\n        if not status or status == ErrorCode.SUCCESS:\n            return\n        value = None\n        message = response.get(\"message\", \"\")\n        screen: str = response.get(\"screen\", \"\")\n        stacktrace = None\n        if isinstance(status, int):\n            value_json = response.get(\"value\", None)\n            if value_json and isinstance(value_json, str):\n                import json\n    \n                try:\n                    value = json.loads(value_json)\n                    if len(value) == 1:\n                        value = value[\"value\"]\n                    status = value.get(\"error\", None)\n                    if not status:\n                        status = value.get(\"status\", ErrorCode.UNKNOWN_ERROR)\n                        message = value.get(\"value\") or value.get(\"message\")\n                        if not isinstance(message, str):\n                            value = message\n                            message = message.get(\"message\")\n                    else:\n                        message = value.get(\"message\", None)\n                except ValueError:\n                    pass\n    \n        exception_class: Type[WebDriverException]\n        e = ErrorCode()\n        error_codes = [item for item in dir(e) if not item.startswith(\"__\")]\n        for error_code in error_codes:\n            error_info = getattr(ErrorCode, error_code)\n            if isinstance(error_info, list) and status in error_info:\n                exception_class = getattr(ExceptionMapping, error_code, WebDriverException)\n                break\n        else:\n            exception_class = WebDriverException\n    \n        if not value:\n            value = response[\"value\"]\n        if isinstance(value, str):\n            raise exception_class(value)\n        if message == \"\" and \"message\" in value:\n            message = value[\"message\"]\n    \n        screen = None  # type: ignore[assignment]\n        if \"screen\" in value:\n            screen = value[\"screen\"]\n    \n        stacktrace = None\n        st_value = value.get(\"stackTrace\") or value.get(\"stacktrace\")\n        if st_value:\n            if isinstance(st_value, str):\n                stacktrace = st_value.split(\"\\n\")\n            else:\n                stacktrace = []\n                try:\n                    for frame in st_value:\n                        line = frame.get(\"lineNumber\", \"\")\n                        file = frame.get(\"fileName\", \"<anonymous>\")\n                        if line:\n                            file = f\"{file}:{line}\"\n                        meth = frame.get(\"methodName\", \"<anonymous>\")\n                        if \"className\" in frame:\n                            meth = f\"{frame['className']}.{meth}\"\n                        msg = \"    at %s (%s)\"\n                        msg = msg % (meth, file)\n                        stacktrace.append(msg)\n                except TypeError:\n                    pass\n        if exception_class == UnexpectedAlertPresentException:\n            alert_text = None\n            if \"data\" in value:\n                alert_text = value[\"data\"].get(\"text\")\n            elif \"alert\" in value:\n                alert_text = value[\"alert\"].get(\"text\")\n            raise exception_class(message, screen, stacktrace, alert_text)  # type: ignore[call-arg]  # mypy is not smart enough here\n>       raise exception_class(message, screen, stacktrace)\nE       selenium.common.exceptions.ElementClickInterceptedException: Message: element click intercepted: Element <button type=\"button\" class=\"Modal_modal__close_modified__3V5XS Modal_modal__close__TnseK\">...</button> is not clickable at point (906, 83). Other element would receive the click: <div class=\"Modal_modal_overlay__x2ZCr\"></div>\nE         (Session info: chrome=137.0.7151.120)\nE       Stacktrace:\nE       0   chromedriver                        0x000000010284dd14 cxxbridge1$str$ptr + 2735276\nE       1   chromedriver                        0x0000000102845f88 cxxbridge1$str$ptr + 2703136\nE       2   chromedriver                        0x00000001023966f0 cxxbridge1$string$len + 90424\nE       3   chromedriver                        0x00000001023e3544 cxxbridge1$string$len + 405388\nE       4   chromedriver                        0x00000001023e1ab0 cxxbridge1$string$len + 398584\nE       5   chromedriver                        0x00000001023df8c4 cxxbridge1$string$len + 389900\nE       6   chromedriver                        0x00000001023decc0 cxxbridge1$string$len + 386824\nE       7   chromedriver                        0x00000001023d3728 cxxbridge1$string$len + 340336\nE       8   chromedriver                        0x00000001023d31b4 cxxbridge1$string$len + 338940\nE       9   chromedriver                        0x000000010241f0c8 cxxbridge1$string$len + 650000\nE       10  chromedriver                        0x00000001023d1be8 cxxbridge1$string$len + 333360\nE       11  chromedriver                        0x0000000102811598 cxxbridge1$str$ptr + 2487600\nE       12  chromedriver                        0x0000000102814830 cxxbridge1$str$ptr + 2500552\nE       13  chromedriver                        0x00000001027f1c14 cxxbridge1$str$ptr + 2358188\nE       14  chromedriver                        0x00000001028150b8 cxxbridge1$str$ptr + 2502736\nE       15  chromedriver                        0x00000001027e2dec cxxbridge1$str$ptr + 2297220\nE       16  chromedriver                        0x0000000102835420 cxxbridge1$str$ptr + 2634680\nE       17  chromedriver                        0x00000001028355ac cxxbridge1$str$ptr + 2635076\nE       18  chromedriver                        0x0000000102845bd4 cxxbridge1$str$ptr + 2702188\nE       19  libsystem_pthread.dylib             0x00000001804d02e4 _pthread_start + 136\nE       20  libsystem_pthread.dylib             0x00000001804cb0fc thread_start + 8\n\n../Sprint_5 — копия/.venv/lib/python3.12/site-packages/selenium/webdriver/remote/errorhandler.py:232: ElementClickInterceptedException"}, "steps": [{"name": "Переход по урлу", "status": "passed", "steps": [{"name": "Переход по урлу", "status": "passed", "parameters": [{"name": "url", "value": "'https://stellarburgers.nomoreparties.site/'"}], "start": 1750445847758, "stop": 1750445849279}], "start": 1750445847758, "stop": 1750445849279}, {"name": "Ожидание когда перестанет отображаться перекрывающий слой", "status": "passed", "steps": [{"name": "Ожидание закрытия модального окна", "status": "passed", "parameters": [{"name": "locator", "value": "('xpath', '//*[contains(@class,  \"Modal_modal__loading\")]/following::div[@class=\"Modal_modal_overlay__x2ZCr\"]')"}], "start": 1750445849279, "stop": 1750445849307}], "start": 1750445849279, "stop": 1750445849307}, {"name": "Клик по кнопке Войти в Аккаунт", "status": "passed", "steps": [{"name": "Клик по элементу с ожиданием", "status": "passed", "steps": [{"name": "Ожидание загрузки страницы", "status": "passed", "parameters": [{"name": "timeout", "value": "10"}], "start": 1750445849307, "stop": 1750445849309}], "parameters": [{"name": "locator", "value": "('xpath', '//button[text()=\"Войти в аккаунт\"]')"}], "start": 1750445849307, "stop": 1750445849357}], "start": 1750445849307, "stop": 1750445849357}, {"name": "Заполнение полей почты/пароль при авторизации и клик по кнопке войти", "status": "passed", "steps": [{"name": "Ввод текста в поле", "status": "passed", "steps": [{"name": "Поиск элемента", "status": "passed", "parameters": [{"name": "locator", "value": "('xpath', './/label[text()=\"Email\"]/following-sibling::input[@name=\"name\"]')"}], "start": 1750445849357, "stop": 1750445849367}], "parameters": [{"name": "locator", "value": "('xpath', './/label[text()=\"Email\"]/following-sibling::input[@name=\"name\"]')"}, {"name": "text", "value": "'Ivan_Fedotikov_321@yandex.ru'"}], "start": 1750445849357, "stop": 1750445849446}, {"name": "Ввод текста в поле", "status": "passed", "steps": [{"name": "Поиск элемента", "status": "passed", "parameters": [{"name": "locator", "value": "('xpath', './/label[text()=\"Пароль\"]/following-sibling::input[@name=\"Пароль\"]')"}], "start": 1750445849446, "stop": 1750445849456}], "parameters": [{"name": "locator", "value": "('xpath', './/label[text()=\"Пароль\"]/following-sibling::input[@name=\"Пароль\"]')"}, {"name": "text", "value": "111777"}], "start": 1750445849446, "stop": 1750445849474}, {"name": "Клик по элементу с ожиданием", "status": "passed", "steps": [{"name": "Ожидание загрузки страницы", "status": "passed", "parameters": [{"name": "timeout", "value": "10"}], "start": 1750445849474, "stop": 1750445849475}], "parameters": [{"name": "locator", "value": "('xpath', './/button[text()=\"Войти\"]')"}], "start": 1750445849474, "stop": 1750445849511}], "start": 1750445849357, "stop": 1750445849511}, {"name": "Добавление Ингредиента в заказ", "status": "passed", "steps": [{"name": "Поиск элемента", "status": "passed", "parameters": [{"name": "locator", "value": "('xpath', '//a[@href=\"/ingredient/61c0c5a71d1f82001bdaaa6d\"]')"}], "start": 1750445849511, "stop": 1750445850044}, {"name": "Поиск элемента", "status": "passed", "parameters": [{"name": "locator", "value": "('class name', 'BurgerConstructor_basket__list__l9dp_')"}], "start": 1750445850044, "stop": 1750445850059}, {"name": "Перетащить элемент", "status": "passed", "parameters": [{"name": "source", "value": "<selenium.webdriver.remote.webelement.WebElement (session=\"0ef0d1d9d4621674e7b754323f6fca34\", element=\"f.30174C8358AD77D488F4948681C59FBA.d.8B765B1AD85CD41AAC04648AF9488548.e.77\")>"}, {"name": "target", "value": "<selenium.webdriver.remote.webelement.WebElement (session=\"0ef0d1d9d4621674e7b754323f6fca34\", element=\"f.30174C8358AD77D488F4948681C59FBA.d.8B765B1AD85CD41AAC04648AF9488548.e.78\")>"}], "start": 1750445850059, "stop": 1750445850067}], "start": 1750445849511, "stop": 1750445850067}, {"name": "Ожидание когда перестанет отображаться перекрывающий слой", "status": "passed", "steps": [{"name": "Ожидание закрытия модального окна", "status": "passed", "parameters": [{"name": "locator", "value": "('xpath', '//*[contains(@class,  \"Modal_modal__loading\")]/following::div[@class=\"Modal_modal_overlay__x2ZCr\"]')"}], "start": 1750445850067, "stop": 1750445850073}], "start": 1750445850067, "stop": 1750445850073}, {"name": "Клик по кнопке Оформить заказ", "status": "passed", "steps": [{"name": "Клик по элементу с ожиданием", "status": "passed", "steps": [{"name": "Ожидание загрузки страницы", "status": "passed", "parameters": [{"name": "timeout", "value": "10"}], "start": 1750445850074, "stop": 1750445850075}], "parameters": [{"name": "locator", "value": "('xpath', '//button[text()=\"Оформить заказ\"]')"}], "start": 1750445850074, "stop": 1750445850105}], "start": 1750445850074, "stop": 1750445850105}, {"name": "Ожидание когда перестанет отображаться перекрывающий слой", "status": "passed", "steps": [{"name": "Ожидание закрытия модального окна", "status": "passed", "parameters": [{"name": "locator", "value": "('xpath', '//*[contains(@class,  \"Modal_modal__loading\")]/following::div[@class=\"Modal_modal_overlay__x2ZCr\"]')"}], "start": 1750445850105, "stop": 1750445850109}], "start": 1750445850105, "stop": 1750445850109}, {"name": "Получение номера только что оформленного заказа", "status": "passed", "steps": [{"name": "Ожидание загрузки страницы", "status": "passed", "parameters": [{"name": "timeout", "value": "10"}], "start": 1750445850109, "stop": 1750445850111}, {"name": "Получить текст элемента", "status": "passed", "steps": [{"name": "Поиск элемента", "status": "passed", "parameters": [{"name": "locator", "value": "('xpath', '//h2[@class=\"Modal_modal__title_shadow__3ikwq Modal_modal__title__2L34m text text_type_digits-large mb-8\"]')"}], "start": 1750445850111, "stop": 1750445850122}], "parameters": [{"name": "locator", "value": "('xpath', '//h2[@class=\"Modal_modal__title_shadow__3ikwq Modal_modal__title__2L34m text text_type_digits-large mb-8\"]')"}], "start": 1750445850111, "stop": 1750445850127}], "start": 1750445850109, "stop": 1750445850128}, {"name": "Закрытие модального окна Детали ингредиента", "status": "broken", "statusDetails": {"message": "selenium.common.exceptions.ElementClickInterceptedException: Message: element click intercepted: Element <button type=\"button\" class=\"Modal_modal__close_modified__3V5XS Modal_modal__close__TnseK\">...</button> is not clickable at point (906, 83). Other element would receive the click: <div class=\"Modal_modal_overlay__x2ZCr\"></div>\n  (Session info: chrome=137.0.7151.120)\nStacktrace:\n0   chromedriver                        0x000000010284dd14 cxxbridge1$str$ptr + 2735276\n1   chromedriver                        0x0000000102845f88 cxxbridge1$str$ptr + 2703136\n2   chromedriver                        0x00000001023966f0 cxxbridge1$string$len + 90424\n3   chromedriver                        0x00000001023e3544 cxxbridge1$string$len + 405388\n4   chromedriver                        0x00000001023e1ab0 cxxbridge1$string$len + 398584\n5   chromedriver                        0x00000001023df8c4 cxxbridge1$string$len + 389900\n6   chromedriver                        0x00000001023decc0 cxxbridge1$string$len + 386824\n7   chromedriver                        0x00000001023d3728 cxxbridge1$string$len + 340336\n8   chromedriver                        0x00000001023d31b4 cxxbridge1$string$len + 338940\n9   chromedriver                        0x000000010241f0c8 cxxbridge1$string$len + 650000\n10  chromedriver                        0x00000001023d1be8 cxxbridge1$string$len + 333360\n11  chromedriver                        0x0000000102811598 cxxbridge1$str$ptr + 2487600\n12  chromedriver                        0x0000000102814830 cxxbridge1$str$ptr + 2500552\n13  chromedriver                        0x00000001027f1c14 cxxbridge1$str$ptr + 2358188\n14  chromedriver                        0x00000001028150b8 cxxbridge1$str$ptr + 2502736\n15  chromedriver                        0x00000001027e2dec cxxbridge1$str$ptr + 2297220\n16  chromedriver                        0x0000000102835420 cxxbridge1$str$ptr + 2634680\n17  chromedriver                        0x00000001028355ac cxxbridge1$str$ptr + 2635076\n18  chromedriver                        0x0000000102845bd4 cxxbridge1$str$ptr + 2702188\n19  libsystem_pthread.dylib             0x00000001804d02e4 _pthread_start + 136\n20  libsystem_pthread.dylib             0x00000001804cb0fc thread_start + 8\n\n", "trace": "  File \"/Users/ivanfedotikov/PycharmProjects/Sprint_5 — копия/.venv/lib/python3.12/site-packages/allure_commons/_allure.py\", line 202, in impl\n    return func(*a, **kw)\n           ^^^^^^^^^^^^^^\n  File \"/Users/ivanfedotikov/PycharmProjects/Diplom_3/pages/constructor_page.py\", line 67, in close_modal_window\n    self.click_to_element(ConstructorPageLoc.CLOSE_MOD_BUTTON)\n  File \"/Users/ivanfedotikov/PycharmProjects/Sprint_5 — копия/.venv/lib/python3.12/site-packages/allure_commons/_allure.py\", line 202, in impl\n    return func(*a, **kw)\n           ^^^^^^^^^^^^^^\n  File \"/Users/ivanfedotikov/PycharmProjects/Diplom_3/pages/base_page.py\", line 41, in click_to_element\n    self.driver.find_element(*locator).click()\n  File \"/Users/ivanfedotikov/PycharmProjects/Sprint_5 — копия/.venv/lib/python3.12/site-packages/selenium/webdriver/remote/webelement.py\", line 119, in click\n    self._execute(Command.CLICK_ELEMENT)\n  File \"/Users/ivanfedotikov/PycharmProjects/Sprint_5 — копия/.venv/lib/python3.12/site-packages/selenium/webdriver/remote/webelement.py\", line 572, in _execute\n    return self._parent.execute(command, params)\n           ^^^^^^^^^^^^^^^^^^^^^^^^^^^^^^^^^^^^^\n  File \"/Users/ivanfedotikov/PycharmProjects/Sprint_5 — копия/.venv/lib/python3.12/site-packages/selenium/webdriver/remote/webdriver.py\", line 429, in execute\n    self.error_handler.check_response(response)\n  File \"/Users/ivanfedotikov/PycharmProjects/Sprint_5 — копия/.venv/lib/python3.12/site-packages/selenium/webdriver/remote/errorhandler.py\", line 232, in check_response\n    raise exception_class(message, screen, stacktrace)\n"}, "steps": [{"name": "Поиск элемента", "status": "passed", "parameters": [{"name": "locator", "value": "('xpath', '//button[@class=\"Modal_modal__close_modified__3V5XS Modal_modal__close__TnseK\"]')"}], "start": 1750445850128, "stop": 1750445850136}, {"name": "Клик по элементу с ожиданием", "status": "broken", "statusDetails": {"message": "selenium.common.exceptions.ElementClickInterceptedException: Message: element click intercepted: Element <button type=\"button\" class=\"Modal_modal__close_modified__3V5XS Modal_modal__close__TnseK\">...</button> is not clickable at point (906, 83). Other element would receive the click: <div class=\"Modal_modal_overlay__x2ZCr\"></div>\n  (Session info: chrome=137.0.7151.120)\nStacktrace:\n0   chromedriver                        0x000000010284dd14 cxxbridge1$str$ptr + 2735276\n1   chromedriver                        0x0000000102845f88 cxxbridge1$str$ptr + 2703136\n2   chromedriver                        0x00000001023966f0 cxxbridge1$string$len + 90424\n3   chromedriver                        0x00000001023e3544 cxxbridge1$string$len + 405388\n4   chromedriver                        0x00000001023e1ab0 cxxbridge1$string$len + 398584\n5   chromedriver                        0x00000001023df8c4 cxxbridge1$string$len + 389900\n6   chromedriver                        0x00000001023decc0 cxxbridge1$string$len + 386824\n7   chromedriver                        0x00000001023d3728 cxxbridge1$string$len + 340336\n8   chromedriver                        0x00000001023d31b4 cxxbridge1$string$len + 338940\n9   chromedriver                        0x000000010241f0c8 cxxbridge1$string$len + 650000\n10  chromedriver                        0x00000001023d1be8 cxxbridge1$string$len + 333360\n11  chromedriver                        0x0000000102811598 cxxbridge1$str$ptr + 2487600\n12  chromedriver                        0x0000000102814830 cxxbridge1$str$ptr + 2500552\n13  chromedriver                        0x00000001027f1c14 cxxbridge1$str$ptr + 2358188\n14  chromedriver                        0x00000001028150b8 cxxbridge1$str$ptr + 2502736\n15  chromedriver                        0x00000001027e2dec cxxbridge1$str$ptr + 2297220\n16  chromedriver                        0x0000000102835420 cxxbridge1$str$ptr + 2634680\n17  chromedriver                        0x00000001028355ac cxxbridge1$str$ptr + 2635076\n18  chromedriver                        0x0000000102845bd4 cxxbridge1$str$ptr + 2702188\n19  libsystem_pthread.dylib             0x00000001804d02e4 _pthread_start + 136\n20  libsystem_pthread.dylib             0x00000001804cb0fc thread_start + 8\n\n", "trace": "  File \"/Users/ivanfedotikov/PycharmProjects/Sprint_5 — копия/.venv/lib/python3.12/site-packages/allure_commons/_allure.py\", line 202, in impl\n    return func(*a, **kw)\n           ^^^^^^^^^^^^^^\n  File \"/Users/ivanfedotikov/PycharmProjects/Diplom_3/pages/base_page.py\", line 41, in click_to_element\n    self.driver.find_element(*locator).click()\n  File \"/Users/ivanfedotikov/PycharmProjects/Sprint_5 — копия/.venv/lib/python3.12/site-packages/selenium/webdriver/remote/webelement.py\", line 119, in click\n    self._execute(Command.CLICK_ELEMENT)\n  File \"/Users/ivanfedotikov/PycharmProjects/Sprint_5 — копия/.venv/lib/python3.12/site-packages/selenium/webdriver/remote/webelement.py\", line 572, in _execute\n    return self._parent.execute(command, params)\n           ^^^^^^^^^^^^^^^^^^^^^^^^^^^^^^^^^^^^^\n  File \"/Users/ivanfedotikov/PycharmProjects/Sprint_5 — копия/.venv/lib/python3.12/site-packages/selenium/webdriver/remote/webdriver.py\", line 429, in execute\n    self.error_handler.check_response(response)\n  File \"/Users/ivanfedotikov/PycharmProjects/Sprint_5 — копия/.venv/lib/python3.12/site-packages/selenium/webdriver/remote/errorhandler.py\", line 232, in check_response\n    raise exception_class(message, screen, stacktrace)\n"}, "steps": [{"name": "Ожидание загрузки страницы", "status": "passed", "parameters": [{"name": "timeout", "value": "10"}], "start": 1750445850136, "stop": 1750445850137}], "parameters": [{"name": "locator", "value": "('xpath', '//button[@class=\"Modal_modal__close_modified__3V5XS Modal_modal__close__TnseK\"]')"}], "start": 1750445850136, "stop": 1750445851207}], "start": 1750445850128, "stop": 1750445851213}], "parameters": [{"name": "driver", "value": "'chrome'"}], "start": 1750445847757, "stop": 1750445851214, "uuid": "acd39640-4771-4d70-935a-8921c16c0391", "historyId": "8af1cf74175fcafde249d99e4fae57bb", "testCaseId": "3cc033c80dc65b87a8f66745bdbd2f2a", "fullName": "tests.test_order.TestOrder#test_counter_order_all_in_all_time", "labels": [{"name": "parentSuite", "value": "tests"}, {"name": "suite", "value": "test_order"}, {"name": "subSuite", "value": "TestOrder"}, {"name": "host", "value": "MacBook-Pro----K7V1444JHH.local"}, {"name": "thread", "value": "68865-MainThread"}, {"name": "framework", "value": "pytest"}, {"name": "language", "value": "cpython3"}, {"name": "package", "value": "tests.test_order"}]}