{"name": "Проверка номера заказа в работе", "status": "broken", "statusDetails": {"message": "selenium.common.exceptions.ElementClickInterceptedException: Message: Element <p class=\"AppHeader_header__linkText__3q_va ml-2\"> is not clickable at point (300,44) because another element <div class=\"Modal_modal__contentBox__sCy8X pt-30 pb-30\"> obscures it\nStacktrace:\nRemoteError@chrome://remote/content/shared/RemoteError.sys.mjs:8:8\nWebDriverError@chrome://remote/content/shared/webdriver/Errors.sys.mjs:199:5\nElementClickInterceptedError@chrome://remote/content/shared/webdriver/Errors.sys.mjs:351:5\nwebdriverClickElement@chrome://remote/content/marionette/interaction.sys.mjs:177:11\ninteraction.clickElement@chrome://remote/content/marionette/interaction.sys.mjs:136:11\nclickElement@chrome://remote/content/marionette/actors/MarionetteCommandsChild.sys.mjs:354:29\nreceiveMessage@chrome://remote/content/marionette/actors/MarionetteCommandsChild.sys.mjs:230:31", "trace": "self = <tests.test_order.TestOrder object at 0x106f5aa20>, driver = <selenium.webdriver.firefox.webdriver.WebDriver (session=\"46488821-ee6a-4011-b4dd-202bc72c04b5\")>\n\n    @allure.title('Проверка номера заказа в работе')\n    def test_counter_order_all_in_all_time(self, driver):\n        cp = ConstructorPage(driver)\n        ap = AuthPage(driver)\n        op = OrderFeedPage(driver)\n        cp.open_url_stellar()\n        cp.wait_overlaying_element_disappeared()\n        cp.click_to_log_button()\n        ap.add_auth_field_click()\n        cp.drag_and_drop()\n        cp.wait_overlaying_element_disappeared()\n        cp.click_to_order_button()\n        cp.wait_overlaying_element_disappeared()\n        new_order = cp.giv_new_order_number()\n        cp.close_modal_window()\n>       cp.click_to_order_feed()\n\ntests/test_order.py:102: \n_ _ _ _ _ _ _ _ _ _ _ _ _ _ _ _ _ _ _ _ _ _ _ _ _ _ _ _ _ _ _ _ _ _ _ _ _ _ _ _ _ _ _ _ _ _ _ _ _ _ _ _ _ _ _ _ _ _ _ _ _ _ _ _ _ _ _ _ _ _ _ _ _ _ _ _ _ _ _ _ _ _ _ _ _ \npages/constructor_page.py:46: in click_to_order_feed\n    self.click_to_element(ConstructorPageLoc.ORDER_TAPE_BUTTON)\npages/base_page.py:41: in click_to_element\n    self.driver.find_element(*locator).click()\n../Sprint_5 — копия/.venv/lib/python3.12/site-packages/selenium/webdriver/remote/webelement.py:119: in click\n    self._execute(Command.CLICK_ELEMENT)\n../Sprint_5 — копия/.venv/lib/python3.12/site-packages/selenium/webdriver/remote/webelement.py:572: in _execute\n    return self._parent.execute(command, params)\n../Sprint_5 — копия/.venv/lib/python3.12/site-packages/selenium/webdriver/remote/webdriver.py:429: in execute\n    self.error_handler.check_response(response)\n_ _ _ _ _ _ _ _ _ _ _ _ _ _ _ _ _ _ _ _ _ _ _ _ _ _ _ _ _ _ _ _ _ _ _ _ _ _ _ _ _ _ _ _ _ _ _ _ _ _ _ _ _ _ _ _ _ _ _ _ _ _ _ _ _ _ _ _ _ _ _ _ _ _ _ _ _ _ _ _ _ _ _ _ _ \n\nself = <selenium.webdriver.remote.errorhandler.ErrorHandler object at 0x10703e060>\nresponse = {'status': 400, 'value': '{\"value\":{\"error\":\"element click intercepted\",\"message\":\"Element <p class=\\\\\"AppHeader_heade...ader__linkText__3q_va ml-2\\\\\">\",\"overlayingElement\":\"<div class=\\\\\"Modal_modal__contentBox__sCy8X pt-30 pb-30\\\\\">\"}}}'}\n\n    def check_response(self, response: Dict[str, Any]) -> None:\n        \"\"\"Checks that a JSON response from the WebDriver does not have an\n        error.\n    \n        :Args:\n         - response - The JSON response from the WebDriver server as a dictionary\n           object.\n    \n        :Raises: If the response contains an error message.\n        \"\"\"\n        status = response.get(\"status\", None)\n        if not status or status == ErrorCode.SUCCESS:\n            return\n        value = None\n        message = response.get(\"message\", \"\")\n        screen: str = response.get(\"screen\", \"\")\n        stacktrace = None\n        if isinstance(status, int):\n            value_json = response.get(\"value\", None)\n            if value_json and isinstance(value_json, str):\n                import json\n    \n                try:\n                    value = json.loads(value_json)\n                    if len(value) == 1:\n                        value = value[\"value\"]\n                    status = value.get(\"error\", None)\n                    if not status:\n                        status = value.get(\"status\", ErrorCode.UNKNOWN_ERROR)\n                        message = value.get(\"value\") or value.get(\"message\")\n                        if not isinstance(message, str):\n                            value = message\n                            message = message.get(\"message\")\n                    else:\n                        message = value.get(\"message\", None)\n                except ValueError:\n                    pass\n    \n        exception_class: Type[WebDriverException]\n        e = ErrorCode()\n        error_codes = [item for item in dir(e) if not item.startswith(\"__\")]\n        for error_code in error_codes:\n            error_info = getattr(ErrorCode, error_code)\n            if isinstance(error_info, list) and status in error_info:\n                exception_class = getattr(ExceptionMapping, error_code, WebDriverException)\n                break\n        else:\n            exception_class = WebDriverException\n    \n        if not value:\n            value = response[\"value\"]\n        if isinstance(value, str):\n            raise exception_class(value)\n        if message == \"\" and \"message\" in value:\n            message = value[\"message\"]\n    \n        screen = None  # type: ignore[assignment]\n        if \"screen\" in value:\n            screen = value[\"screen\"]\n    \n        stacktrace = None\n        st_value = value.get(\"stackTrace\") or value.get(\"stacktrace\")\n        if st_value:\n            if isinstance(st_value, str):\n                stacktrace = st_value.split(\"\\n\")\n            else:\n                stacktrace = []\n                try:\n                    for frame in st_value:\n                        line = frame.get(\"lineNumber\", \"\")\n                        file = frame.get(\"fileName\", \"<anonymous>\")\n                        if line:\n                            file = f\"{file}:{line}\"\n                        meth = frame.get(\"methodName\", \"<anonymous>\")\n                        if \"className\" in frame:\n                            meth = f\"{frame['className']}.{meth}\"\n                        msg = \"    at %s (%s)\"\n                        msg = msg % (meth, file)\n                        stacktrace.append(msg)\n                except TypeError:\n                    pass\n        if exception_class == UnexpectedAlertPresentException:\n            alert_text = None\n            if \"data\" in value:\n                alert_text = value[\"data\"].get(\"text\")\n            elif \"alert\" in value:\n                alert_text = value[\"alert\"].get(\"text\")\n            raise exception_class(message, screen, stacktrace, alert_text)  # type: ignore[call-arg]  # mypy is not smart enough here\n>       raise exception_class(message, screen, stacktrace)\nE       selenium.common.exceptions.ElementClickInterceptedException: Message: Element <p class=\"AppHeader_header__linkText__3q_va ml-2\"> is not clickable at point (300,44) because another element <div class=\"Modal_modal__contentBox__sCy8X pt-30 pb-30\"> obscures it\nE       Stacktrace:\nE       RemoteError@chrome://remote/content/shared/RemoteError.sys.mjs:8:8\nE       WebDriverError@chrome://remote/content/shared/webdriver/Errors.sys.mjs:199:5\nE       ElementClickInterceptedError@chrome://remote/content/shared/webdriver/Errors.sys.mjs:351:5\nE       webdriverClickElement@chrome://remote/content/marionette/interaction.sys.mjs:177:11\nE       interaction.clickElement@chrome://remote/content/marionette/interaction.sys.mjs:136:11\nE       clickElement@chrome://remote/content/marionette/actors/MarionetteCommandsChild.sys.mjs:354:29\nE       receiveMessage@chrome://remote/content/marionette/actors/MarionetteCommandsChild.sys.mjs:230:31\n\n../Sprint_5 — копия/.venv/lib/python3.12/site-packages/selenium/webdriver/remote/errorhandler.py:232: ElementClickInterceptedException"}, "steps": [{"name": "Переход по урлу", "status": "passed", "steps": [{"name": "Переход по урлу", "status": "passed", "parameters": [{"name": "url", "value": "'https://stellarburgers.nomoreparties.site/'"}], "start": 1750445852741, "stop": 1750445853554}], "start": 1750445852741, "stop": 1750445853554}, {"name": "Ожидание когда перестанет отображаться перекрывающий слой", "status": "passed", "steps": [{"name": "Ожидание закрытия модального окна", "status": "passed", "parameters": [{"name": "locator", "value": "('xpath', '//*[contains(@class,  \"Modal_modal__loading\")]/following::div[@class=\"Modal_modal_overlay__x2ZCr\"]')"}], "start": 1750445853554, "stop": 1750445853566}], "start": 1750445853554, "stop": 1750445853566}, {"name": "Клик по кнопке Войти в Аккаунт", "status": "passed", "steps": [{"name": "Клик по элементу с ожиданием", "status": "passed", "steps": [{"name": "Ожидание загрузки страницы", "status": "passed", "parameters": [{"name": "timeout", "value": "10"}], "start": 1750445853567, "stop": 1750445853569}], "parameters": [{"name": "locator", "value": "('xpath', '//button[text()=\"Войти в аккаунт\"]')"}], "start": 1750445853567, "stop": 1750445853840}], "start": 1750445853567, "stop": 1750445853840}, {"name": "Заполнение полей почты/пароль при авторизации и клик по кнопке войти", "status": "passed", "steps": [{"name": "Ввод текста в поле", "status": "passed", "steps": [{"name": "Поиск элемента", "status": "passed", "parameters": [{"name": "locator", "value": "('xpath', './/label[text()=\"Email\"]/following-sibling::input[@name=\"name\"]')"}], "start": 1750445853840, "stop": 1750445853861}], "parameters": [{"name": "locator", "value": "('xpath', './/label[text()=\"Email\"]/following-sibling::input[@name=\"name\"]')"}, {"name": "text", "value": "'Ivan_Fedotikov_321@yandex.ru'"}], "start": 1750445853840, "stop": 1750445853899}, {"name": "Ввод текста в поле", "status": "passed", "steps": [{"name": "Поиск элемента", "status": "passed", "parameters": [{"name": "locator", "value": "('xpath', './/label[text()=\"Пароль\"]/following-sibling::input[@name=\"Пароль\"]')"}], "start": 1750445853899, "stop": 1750445853905}], "parameters": [{"name": "locator", "value": "('xpath', './/label[text()=\"Пароль\"]/following-sibling::input[@name=\"Пароль\"]')"}, {"name": "text", "value": "111777"}], "start": 1750445853899, "stop": 1750445853913}, {"name": "Клик по элементу с ожиданием", "status": "passed", "steps": [{"name": "Ожидание загрузки страницы", "status": "passed", "parameters": [{"name": "timeout", "value": "10"}], "start": 1750445853913, "stop": 1750445853919}], "parameters": [{"name": "locator", "value": "('xpath', './/button[text()=\"Войти\"]')"}], "start": 1750445853913, "stop": 1750445854162}], "start": 1750445853840, "stop": 1750445854162}, {"name": "Добавление Ингредиента в заказ", "status": "passed", "steps": [{"name": "Поиск элемента", "status": "passed", "parameters": [{"name": "locator", "value": "('xpath', '//a[@href=\"/ingredient/61c0c5a71d1f82001bdaaa6d\"]')"}], "start": 1750445854162, "stop": 1750445854170}, {"name": "Поиск элемента", "status": "passed", "parameters": [{"name": "locator", "value": "('class name', 'BurgerConstructor_basket__list__l9dp_')"}], "start": 1750445854170, "stop": 1750445854174}, {"name": "Перетащить элемент", "status": "passed", "parameters": [{"name": "source", "value": "<selenium.webdriver.remote.webelement.WebElement (session=\"46488821-ee6a-4011-b4dd-202bc72c04b5\", element=\"0904f648-f6fe-4254-9356-b95f27c449c4\")>"}, {"name": "target", "value": "<selenium.webdriver.remote.webelement.WebElement (session=\"46488821-ee6a-4011-b4dd-202bc72c04b5\", element=\"b66075b0-73e3-4e06-9617-aa77a67dbdd5\")>"}], "start": 1750445854174, "stop": 1750445854181}], "start": 1750445854162, "stop": 1750445854181}, {"name": "Ожидание когда перестанет отображаться перекрывающий слой", "status": "passed", "steps": [{"name": "Ожидание закрытия модального окна", "status": "passed", "parameters": [{"name": "locator", "value": "('xpath', '//*[contains(@class,  \"Modal_modal__loading\")]/following::div[@class=\"Modal_modal_overlay__x2ZCr\"]')"}], "start": 1750445854181, "stop": 1750445854699}], "start": 1750445854181, "stop": 1750445854699}, {"name": "Клик по кнопке Оформить заказ", "status": "passed", "steps": [{"name": "Клик по элементу с ожиданием", "status": "passed", "steps": [{"name": "Ожидание загрузки страницы", "status": "passed", "parameters": [{"name": "timeout", "value": "10"}], "start": 1750445854699, "stop": 1750445854702}], "parameters": [{"name": "locator", "value": "('xpath', '//button[text()=\"Оформить заказ\"]')"}], "start": 1750445854699, "stop": 1750445854934}], "start": 1750445854699, "stop": 1750445854934}, {"name": "Ожидание когда перестанет отображаться перекрывающий слой", "status": "passed", "steps": [{"name": "Ожидание закрытия модального окна", "status": "passed", "parameters": [{"name": "locator", "value": "('xpath', '//*[contains(@class,  \"Modal_modal__loading\")]/following::div[@class=\"Modal_modal_overlay__x2ZCr\"]')"}], "start": 1750445854934, "stop": 1750445858683}], "start": 1750445854934, "stop": 1750445858683}, {"name": "Получение номера только что оформленного заказа", "status": "passed", "steps": [{"name": "Ожидание загрузки страницы", "status": "passed", "parameters": [{"name": "timeout", "value": "10"}], "start": 1750445858684, "stop": 1750445858690}, {"name": "Получить текст элемента", "status": "passed", "steps": [{"name": "Поиск элемента", "status": "passed", "parameters": [{"name": "locator", "value": "('xpath', '//h2[@class=\"Modal_modal__title_shadow__3ikwq Modal_modal__title__2L34m text text_type_digits-large mb-8\"]')"}], "start": 1750445858690, "stop": 1750445858721}], "parameters": [{"name": "locator", "value": "('xpath', '//h2[@class=\"Modal_modal__title_shadow__3ikwq Modal_modal__title__2L34m text text_type_digits-large mb-8\"]')"}], "start": 1750445858690, "stop": 1750445858851}], "start": 1750445858684, "stop": 1750445858851}, {"name": "Закрытие модального окна Детали ингредиента", "status": "passed", "steps": [{"name": "Поиск элемента", "status": "passed", "parameters": [{"name": "locator", "value": "('xpath', '//button[@class=\"Modal_modal__close_modified__3V5XS Modal_modal__close__TnseK\"]')"}], "start": 1750445858851, "stop": 1750445858896}, {"name": "Клик по элементу с ожиданием", "status": "passed", "steps": [{"name": "Ожидание загрузки страницы", "status": "passed", "parameters": [{"name": "timeout", "value": "10"}], "start": 1750445858897, "stop": 1750445858900}], "parameters": [{"name": "locator", "value": "('xpath', '//button[@class=\"Modal_modal__close_modified__3V5XS Modal_modal__close__TnseK\"]')"}], "start": 1750445858896, "stop": 1750445859175}], "start": 1750445858851, "stop": 1750445859175}, {"name": "Клик по кнопке Лента заказов", "status": "broken", "statusDetails": {"message": "selenium.common.exceptions.ElementClickInterceptedException: Message: Element <p class=\"AppHeader_header__linkText__3q_va ml-2\"> is not clickable at point (300,44) because another element <div class=\"Modal_modal__contentBox__sCy8X pt-30 pb-30\"> obscures it\nStacktrace:\nRemoteError@chrome://remote/content/shared/RemoteError.sys.mjs:8:8\nWebDriverError@chrome://remote/content/shared/webdriver/Errors.sys.mjs:199:5\nElementClickInterceptedError@chrome://remote/content/shared/webdriver/Errors.sys.mjs:351:5\nwebdriverClickElement@chrome://remote/content/marionette/interaction.sys.mjs:177:11\ninteraction.clickElement@chrome://remote/content/marionette/interaction.sys.mjs:136:11\nclickElement@chrome://remote/content/marionette/actors/MarionetteCommandsChild.sys.mjs:354:29\nreceiveMessage@chrome://remote/content/marionette/actors/MarionetteCommandsChild.sys.mjs:230:31\n\n", "trace": "  File \"/Users/ivanfedotikov/PycharmProjects/Sprint_5 — копия/.venv/lib/python3.12/site-packages/allure_commons/_allure.py\", line 202, in impl\n    return func(*a, **kw)\n           ^^^^^^^^^^^^^^\n  File \"/Users/ivanfedotikov/PycharmProjects/Diplom_3/pages/constructor_page.py\", line 46, in click_to_order_feed\n    self.click_to_element(ConstructorPageLoc.ORDER_TAPE_BUTTON)\n  File \"/Users/ivanfedotikov/PycharmProjects/Sprint_5 — копия/.venv/lib/python3.12/site-packages/allure_commons/_allure.py\", line 202, in impl\n    return func(*a, **kw)\n           ^^^^^^^^^^^^^^\n  File \"/Users/ivanfedotikov/PycharmProjects/Diplom_3/pages/base_page.py\", line 41, in click_to_element\n    self.driver.find_element(*locator).click()\n  File \"/Users/ivanfedotikov/PycharmProjects/Sprint_5 — копия/.venv/lib/python3.12/site-packages/selenium/webdriver/remote/webelement.py\", line 119, in click\n    self._execute(Command.CLICK_ELEMENT)\n  File \"/Users/ivanfedotikov/PycharmProjects/Sprint_5 — копия/.venv/lib/python3.12/site-packages/selenium/webdriver/remote/webelement.py\", line 572, in _execute\n    return self._parent.execute(command, params)\n           ^^^^^^^^^^^^^^^^^^^^^^^^^^^^^^^^^^^^^\n  File \"/Users/ivanfedotikov/PycharmProjects/Sprint_5 — копия/.venv/lib/python3.12/site-packages/selenium/webdriver/remote/webdriver.py\", line 429, in execute\n    self.error_handler.check_response(response)\n  File \"/Users/ivanfedotikov/PycharmProjects/Sprint_5 — копия/.venv/lib/python3.12/site-packages/selenium/webdriver/remote/errorhandler.py\", line 232, in check_response\n    raise exception_class(message, screen, stacktrace)\n"}, "steps": [{"name": "Клик по элементу с ожиданием", "status": "broken", "statusDetails": {"message": "selenium.common.exceptions.ElementClickInterceptedException: Message: Element <p class=\"AppHeader_header__linkText__3q_va ml-2\"> is not clickable at point (300,44) because another element <div class=\"Modal_modal__contentBox__sCy8X pt-30 pb-30\"> obscures it\nStacktrace:\nRemoteError@chrome://remote/content/shared/RemoteError.sys.mjs:8:8\nWebDriverError@chrome://remote/content/shared/webdriver/Errors.sys.mjs:199:5\nElementClickInterceptedError@chrome://remote/content/shared/webdriver/Errors.sys.mjs:351:5\nwebdriverClickElement@chrome://remote/content/marionette/interaction.sys.mjs:177:11\ninteraction.clickElement@chrome://remote/content/marionette/interaction.sys.mjs:136:11\nclickElement@chrome://remote/content/marionette/actors/MarionetteCommandsChild.sys.mjs:354:29\nreceiveMessage@chrome://remote/content/marionette/actors/MarionetteCommandsChild.sys.mjs:230:31\n\n", "trace": "  File \"/Users/ivanfedotikov/PycharmProjects/Sprint_5 — копия/.venv/lib/python3.12/site-packages/allure_commons/_allure.py\", line 202, in impl\n    return func(*a, **kw)\n           ^^^^^^^^^^^^^^\n  File \"/Users/ivanfedotikov/PycharmProjects/Diplom_3/pages/base_page.py\", line 41, in click_to_element\n    self.driver.find_element(*locator).click()\n  File \"/Users/ivanfedotikov/PycharmProjects/Sprint_5 — копия/.venv/lib/python3.12/site-packages/selenium/webdriver/remote/webelement.py\", line 119, in click\n    self._execute(Command.CLICK_ELEMENT)\n  File \"/Users/ivanfedotikov/PycharmProjects/Sprint_5 — копия/.venv/lib/python3.12/site-packages/selenium/webdriver/remote/webelement.py\", line 572, in _execute\n    return self._parent.execute(command, params)\n           ^^^^^^^^^^^^^^^^^^^^^^^^^^^^^^^^^^^^^\n  File \"/Users/ivanfedotikov/PycharmProjects/Sprint_5 — копия/.venv/lib/python3.12/site-packages/selenium/webdriver/remote/webdriver.py\", line 429, in execute\n    self.error_handler.check_response(response)\n  File \"/Users/ivanfedotikov/PycharmProjects/Sprint_5 — копия/.venv/lib/python3.12/site-packages/selenium/webdriver/remote/errorhandler.py\", line 232, in check_response\n    raise exception_class(message, screen, stacktrace)\n"}, "steps": [{"name": "Ожидание загрузки страницы", "status": "passed", "parameters": [{"name": "timeout", "value": "10"}], "start": 1750445859175, "stop": 1750445859191}], "parameters": [{"name": "locator", "value": "('xpath', '//p[text()=\"Лента Заказов\"]')"}], "start": 1750445859175, "stop": 1750445859210}], "start": 1750445859175, "stop": 1750445859215}], "parameters": [{"name": "driver", "value": "'firefox'"}], "start": 1750445852739, "stop": 1750445859216, "uuid": "0a2d9189-d37a-4d33-be94-50249e664e95", "historyId": "9ed044863d7a73f1417951577296ec5d", "testCaseId": "3cc033c80dc65b87a8f66745bdbd2f2a", "fullName": "tests.test_order.TestOrder#test_counter_order_all_in_all_time", "labels": [{"name": "parentSuite", "value": "tests"}, {"name": "suite", "value": "test_order"}, {"name": "subSuite", "value": "TestOrder"}, {"name": "host", "value": "MacBook-Pro----K7V1444JHH.local"}, {"name": "thread", "value": "68865-MainThread"}, {"name": "framework", "value": "pytest"}, {"name": "language", "value": "cpython3"}, {"name": "package", "value": "tests.test_order"}]}