{"name": "Проверка перехода кнопки Конструктор", "status": "broken", "statusDetails": {"message": "selenium.common.exceptions.NoSuchWindowException: Message: no such window: target window already closed\nfrom unknown error: web view not found\n  (Session info: chrome=137.0.7151.120)\nStacktrace:\n0   chromedriver                        0x0000000104535d14 cxxbridge1$str$ptr + 2735276\n1   chromedriver                        0x000000010452df88 cxxbridge1$str$ptr + 2703136\n2   chromedriver                        0x000000010407e6f0 cxxbridge1$string$len + 90424\n3   chromedriver                        0x0000000104058720 chromedriver + 132896\n4   chromedriver                        0x00000001040edcc4 cxxbridge1$string$len + 546572\n5   chromedriver                        0x0000000104106c08 cxxbridge1$string$len + 648784\n6   chromedriver                        0x00000001040b9be8 cxxbridge1$string$len + 333360\n7   chromedriver                        0x00000001044f9598 cxxbridge1$str$ptr + 2487600\n8   chromedriver                        0x00000001044fc830 cxxbridge1$str$ptr + 2500552\n9   chromedriver                        0x00000001044d9c14 cxxbridge1$str$ptr + 2358188\n10  chromedriver                        0x00000001044fd0b8 cxxbridge1$str$ptr + 2502736\n11  chromedriver                        0x00000001044cadec cxxbridge1$str$ptr + 2297220\n12  chromedriver                        0x000000010451d420 cxxbridge1$str$ptr + 2634680\n13  chromedriver                        0x000000010451d5ac cxxbridge1$str$ptr + 2635076\n14  chromedriver                        0x000000010452dbd4 cxxbridge1$str$ptr + 2702188\n15  libsystem_pthread.dylib             0x00000001804d02e4 _pthread_start + 136\n16  libsystem_pthread.dylib             0x00000001804cb0fc thread_start + 8", "trace": "self = <tests.test_constructor_page.TestConstructorPage object at 0x105220b60>\ndriver = <selenium.webdriver.chrome.webdriver.WebDriver (session=\"1e144e00119c052094154e691f8c3ee7\")>\n\n    @allure.title('Проверка перехода кнопки Конструктор')\n    def test_constructor_button(self, driver):\n        cp = ConstructorPage(driver)\n        cp.open_url_stellar()\n>       cp.click_to_personal_button()\n\ntests/test_constructor_page.py:13: \n_ _ _ _ _ _ _ _ _ _ _ _ _ _ _ _ _ _ _ _ _ _ _ _ _ _ _ _ _ _ _ _ _ _ _ _ _ _ _ _ _ _ _ _ _ _ _ _ _ _ _ _ _ _ _ _ _ _ _ _ _ _ _ _ _ _ _ _ _ _ _ _ _ _ _ _ _ _ _ _ _ _ _ _ _ \npages/constructor_page.py:41: in click_to_personal_button\n    self.click_to_element(ConstructorPageLoc.PERSONAL_ACCOUNT)\npages/base_page.py:38: in click_to_element\n    self.wait_for_page_load()\npages/base_page.py:55: in wait_for_page_load\n    WebDriverWait(self.driver, timeout).until(\n../Sprint_5 — копия/.venv/lib/python3.12/site-packages/selenium/webdriver/support/wait.py:137: in until\n    value = method(self._driver)\npages/base_page.py:56: in <lambda>\n    lambda driver: driver.execute_script('return document.readyState') == 'complete')\n../Sprint_5 — копия/.venv/lib/python3.12/site-packages/selenium/webdriver/remote/webdriver.py:528: in execute_script\n    return self.execute(command, {\"script\": script, \"args\": converted_args})[\"value\"]\n../Sprint_5 — копия/.venv/lib/python3.12/site-packages/selenium/webdriver/remote/webdriver.py:429: in execute\n    self.error_handler.check_response(response)\n_ _ _ _ _ _ _ _ _ _ _ _ _ _ _ _ _ _ _ _ _ _ _ _ _ _ _ _ _ _ _ _ _ _ _ _ _ _ _ _ _ _ _ _ _ _ _ _ _ _ _ _ _ _ _ _ _ _ _ _ _ _ _ _ _ _ _ _ _ _ _ _ _ _ _ _ _ _ _ _ _ _ _ _ _ \n\nself = <selenium.webdriver.remote.errorhandler.ErrorHandler object at 0x1051d7290>\nresponse = {'status': 404, 'value': '{\"value\":{\"error\":\"no such window\",\"message\":\"no such window: target window already closed\\\\...0001804d02e4 _pthread_start + 136\\\\n16  libsystem_pthread.dylib             0x00000001804cb0fc thread_start + 8\\\\n\"}}'}\n\n    def check_response(self, response: Dict[str, Any]) -> None:\n        \"\"\"Checks that a JSON response from the WebDriver does not have an\n        error.\n    \n        :Args:\n         - response - The JSON response from the WebDriver server as a dictionary\n           object.\n    \n        :Raises: If the response contains an error message.\n        \"\"\"\n        status = response.get(\"status\", None)\n        if not status or status == ErrorCode.SUCCESS:\n            return\n        value = None\n        message = response.get(\"message\", \"\")\n        screen: str = response.get(\"screen\", \"\")\n        stacktrace = None\n        if isinstance(status, int):\n            value_json = response.get(\"value\", None)\n            if value_json and isinstance(value_json, str):\n                import json\n    \n                try:\n                    value = json.loads(value_json)\n                    if len(value) == 1:\n                        value = value[\"value\"]\n                    status = value.get(\"error\", None)\n                    if not status:\n                        status = value.get(\"status\", ErrorCode.UNKNOWN_ERROR)\n                        message = value.get(\"value\") or value.get(\"message\")\n                        if not isinstance(message, str):\n                            value = message\n                            message = message.get(\"message\")\n                    else:\n                        message = value.get(\"message\", None)\n                except ValueError:\n                    pass\n    \n        exception_class: Type[WebDriverException]\n        e = ErrorCode()\n        error_codes = [item for item in dir(e) if not item.startswith(\"__\")]\n        for error_code in error_codes:\n            error_info = getattr(ErrorCode, error_code)\n            if isinstance(error_info, list) and status in error_info:\n                exception_class = getattr(ExceptionMapping, error_code, WebDriverException)\n                break\n        else:\n            exception_class = WebDriverException\n    \n        if not value:\n            value = response[\"value\"]\n        if isinstance(value, str):\n            raise exception_class(value)\n        if message == \"\" and \"message\" in value:\n            message = value[\"message\"]\n    \n        screen = None  # type: ignore[assignment]\n        if \"screen\" in value:\n            screen = value[\"screen\"]\n    \n        stacktrace = None\n        st_value = value.get(\"stackTrace\") or value.get(\"stacktrace\")\n        if st_value:\n            if isinstance(st_value, str):\n                stacktrace = st_value.split(\"\\n\")\n            else:\n                stacktrace = []\n                try:\n                    for frame in st_value:\n                        line = frame.get(\"lineNumber\", \"\")\n                        file = frame.get(\"fileName\", \"<anonymous>\")\n                        if line:\n                            file = f\"{file}:{line}\"\n                        meth = frame.get(\"methodName\", \"<anonymous>\")\n                        if \"className\" in frame:\n                            meth = f\"{frame['className']}.{meth}\"\n                        msg = \"    at %s (%s)\"\n                        msg = msg % (meth, file)\n                        stacktrace.append(msg)\n                except TypeError:\n                    pass\n        if exception_class == UnexpectedAlertPresentException:\n            alert_text = None\n            if \"data\" in value:\n                alert_text = value[\"data\"].get(\"text\")\n            elif \"alert\" in value:\n                alert_text = value[\"alert\"].get(\"text\")\n            raise exception_class(message, screen, stacktrace, alert_text)  # type: ignore[call-arg]  # mypy is not smart enough here\n>       raise exception_class(message, screen, stacktrace)\nE       selenium.common.exceptions.NoSuchWindowException: Message: no such window: target window already closed\nE       from unknown error: web view not found\nE         (Session info: chrome=137.0.7151.120)\nE       Stacktrace:\nE       0   chromedriver                        0x0000000104535d14 cxxbridge1$str$ptr + 2735276\nE       1   chromedriver                        0x000000010452df88 cxxbridge1$str$ptr + 2703136\nE       2   chromedriver                        0x000000010407e6f0 cxxbridge1$string$len + 90424\nE       3   chromedriver                        0x0000000104058720 chromedriver + 132896\nE       4   chromedriver                        0x00000001040edcc4 cxxbridge1$string$len + 546572\nE       5   chromedriver                        0x0000000104106c08 cxxbridge1$string$len + 648784\nE       6   chromedriver                        0x00000001040b9be8 cxxbridge1$string$len + 333360\nE       7   chromedriver                        0x00000001044f9598 cxxbridge1$str$ptr + 2487600\nE       8   chromedriver                        0x00000001044fc830 cxxbridge1$str$ptr + 2500552\nE       9   chromedriver                        0x00000001044d9c14 cxxbridge1$str$ptr + 2358188\nE       10  chromedriver                        0x00000001044fd0b8 cxxbridge1$str$ptr + 2502736\nE       11  chromedriver                        0x00000001044cadec cxxbridge1$str$ptr + 2297220\nE       12  chromedriver                        0x000000010451d420 cxxbridge1$str$ptr + 2634680\nE       13  chromedriver                        0x000000010451d5ac cxxbridge1$str$ptr + 2635076\nE       14  chromedriver                        0x000000010452dbd4 cxxbridge1$str$ptr + 2702188\nE       15  libsystem_pthread.dylib             0x00000001804d02e4 _pthread_start + 136\nE       16  libsystem_pthread.dylib             0x00000001804cb0fc thread_start + 8\n\n../Sprint_5 — копия/.venv/lib/python3.12/site-packages/selenium/webdriver/remote/errorhandler.py:232: NoSuchWindowException"}, "steps": [{"name": "Переход по урлу", "status": "passed", "steps": [{"name": "Переход по урлу", "status": "passed", "parameters": [{"name": "url", "value": "'https://stellarburgers.nomoreparties.site/'"}], "start": 1750447714019, "stop": 1750447728112}], "start": 1750447714019, "stop": 1750447728112}, {"name": "Клик по кнопке Личный кабинет", "status": "broken", "statusDetails": {"message": "selenium.common.exceptions.NoSuchWindowException: Message: no such window: target window already closed\nfrom unknown error: web view not found\n  (Session info: chrome=137.0.7151.120)\nStacktrace:\n0   chromedriver                        0x0000000104535d14 cxxbridge1$str$ptr + 2735276\n1   chromedriver                        0x000000010452df88 cxxbridge1$str$ptr + 2703136\n2   chromedriver                        0x000000010407e6f0 cxxbridge1$string$len + 90424\n3   chromedriver                        0x0000000104058720 chromedriver + 132896\n4   chromedriver                        0x00000001040edcc4 cxxbridge1$string$len + 546572\n5   chromedriver                        0x0000000104106c08 cxxbridge1$string$len + 648784\n6   chromedriver                        0x00000001040b9be8 cxxbridge1$string$len + 333360\n7   chromedriver                        0x00000001044f9598 cxxbridge1$str$ptr + 2487600\n8   chromedriver                        0x00000001044fc830 cxxbridge1$str$ptr + 2500552\n9   chromedriver                        0x00000001044d9c14 cxxbridge1$str$ptr + 2358188\n10  chromedriver                        0x00000001044fd0b8 cxxbridge1$str$ptr + 2502736\n11  chromedriver                        0x00000001044cadec cxxbridge1$str$ptr + 2297220\n12  chromedriver                        0x000000010451d420 cxxbridge1$str$ptr + 2634680\n13  chromedriver                        0x000000010451d5ac cxxbridge1$str$ptr + 2635076\n14  chromedriver                        0x000000010452dbd4 cxxbridge1$str$ptr + 2702188\n15  libsystem_pthread.dylib             0x00000001804d02e4 _pthread_start + 136\n16  libsystem_pthread.dylib             0x00000001804cb0fc thread_start + 8\n\n", "trace": "  File \"/Users/ivanfedotikov/PycharmProjects/Sprint_5 — копия/.venv/lib/python3.12/site-packages/allure_commons/_allure.py\", line 202, in impl\n    return func(*a, **kw)\n           ^^^^^^^^^^^^^^\n  File \"/Users/ivanfedotikov/PycharmProjects/Diplom_3/pages/constructor_page.py\", line 41, in click_to_personal_button\n    self.click_to_element(ConstructorPageLoc.PERSONAL_ACCOUNT)\n  File \"/Users/ivanfedotikov/PycharmProjects/Sprint_5 — копия/.venv/lib/python3.12/site-packages/allure_commons/_allure.py\", line 202, in impl\n    return func(*a, **kw)\n           ^^^^^^^^^^^^^^\n  File \"/Users/ivanfedotikov/PycharmProjects/Diplom_3/pages/base_page.py\", line 38, in click_to_element\n    self.wait_for_page_load()\n  File \"/Users/ivanfedotikov/PycharmProjects/Sprint_5 — копия/.venv/lib/python3.12/site-packages/allure_commons/_allure.py\", line 202, in impl\n    return func(*a, **kw)\n           ^^^^^^^^^^^^^^\n  File \"/Users/ivanfedotikov/PycharmProjects/Diplom_3/pages/base_page.py\", line 55, in wait_for_page_load\n    WebDriverWait(self.driver, timeout).until(\n  File \"/Users/ivanfedotikov/PycharmProjects/Sprint_5 — копия/.venv/lib/python3.12/site-packages/selenium/webdriver/support/wait.py\", line 137, in until\n    value = method(self._driver)\n            ^^^^^^^^^^^^^^^^^^^^\n  File \"/Users/ivanfedotikov/PycharmProjects/Diplom_3/pages/base_page.py\", line 56, in <lambda>\n    lambda driver: driver.execute_script('return document.readyState') == 'complete')\n                   ^^^^^^^^^^^^^^^^^^^^^^^^^^^^^^^^^^^^^^^^^^^^^^^^^^^\n  File \"/Users/ivanfedotikov/PycharmProjects/Sprint_5 — копия/.venv/lib/python3.12/site-packages/selenium/webdriver/remote/webdriver.py\", line 528, in execute_script\n    return self.execute(command, {\"script\": script, \"args\": converted_args})[\"value\"]\n           ^^^^^^^^^^^^^^^^^^^^^^^^^^^^^^^^^^^^^^^^^^^^^^^^^^^^^^^^^^^^^^^^^\n  File \"/Users/ivanfedotikov/PycharmProjects/Sprint_5 — копия/.venv/lib/python3.12/site-packages/selenium/webdriver/remote/webdriver.py\", line 429, in execute\n    self.error_handler.check_response(response)\n  File \"/Users/ivanfedotikov/PycharmProjects/Sprint_5 — копия/.venv/lib/python3.12/site-packages/selenium/webdriver/remote/errorhandler.py\", line 232, in check_response\n    raise exception_class(message, screen, stacktrace)\n"}, "steps": [{"name": "Клик по элементу с ожиданием", "status": "broken", "statusDetails": {"message": "selenium.common.exceptions.NoSuchWindowException: Message: no such window: target window already closed\nfrom unknown error: web view not found\n  (Session info: chrome=137.0.7151.120)\nStacktrace:\n0   chromedriver                        0x0000000104535d14 cxxbridge1$str$ptr + 2735276\n1   chromedriver                        0x000000010452df88 cxxbridge1$str$ptr + 2703136\n2   chromedriver                        0x000000010407e6f0 cxxbridge1$string$len + 90424\n3   chromedriver                        0x0000000104058720 chromedriver + 132896\n4   chromedriver                        0x00000001040edcc4 cxxbridge1$string$len + 546572\n5   chromedriver                        0x0000000104106c08 cxxbridge1$string$len + 648784\n6   chromedriver                        0x00000001040b9be8 cxxbridge1$string$len + 333360\n7   chromedriver                        0x00000001044f9598 cxxbridge1$str$ptr + 2487600\n8   chromedriver                        0x00000001044fc830 cxxbridge1$str$ptr + 2500552\n9   chromedriver                        0x00000001044d9c14 cxxbridge1$str$ptr + 2358188\n10  chromedriver                        0x00000001044fd0b8 cxxbridge1$str$ptr + 2502736\n11  chromedriver                        0x00000001044cadec cxxbridge1$str$ptr + 2297220\n12  chromedriver                        0x000000010451d420 cxxbridge1$str$ptr + 2634680\n13  chromedriver                        0x000000010451d5ac cxxbridge1$str$ptr + 2635076\n14  chromedriver                        0x000000010452dbd4 cxxbridge1$str$ptr + 2702188\n15  libsystem_pthread.dylib             0x00000001804d02e4 _pthread_start + 136\n16  libsystem_pthread.dylib             0x00000001804cb0fc thread_start + 8\n\n", "trace": "  File \"/Users/ivanfedotikov/PycharmProjects/Sprint_5 — копия/.venv/lib/python3.12/site-packages/allure_commons/_allure.py\", line 202, in impl\n    return func(*a, **kw)\n           ^^^^^^^^^^^^^^\n  File \"/Users/ivanfedotikov/PycharmProjects/Diplom_3/pages/base_page.py\", line 38, in click_to_element\n    self.wait_for_page_load()\n  File \"/Users/ivanfedotikov/PycharmProjects/Sprint_5 — копия/.venv/lib/python3.12/site-packages/allure_commons/_allure.py\", line 202, in impl\n    return func(*a, **kw)\n           ^^^^^^^^^^^^^^\n  File \"/Users/ivanfedotikov/PycharmProjects/Diplom_3/pages/base_page.py\", line 55, in wait_for_page_load\n    WebDriverWait(self.driver, timeout).until(\n  File \"/Users/ivanfedotikov/PycharmProjects/Sprint_5 — копия/.venv/lib/python3.12/site-packages/selenium/webdriver/support/wait.py\", line 137, in until\n    value = method(self._driver)\n            ^^^^^^^^^^^^^^^^^^^^\n  File \"/Users/ivanfedotikov/PycharmProjects/Diplom_3/pages/base_page.py\", line 56, in <lambda>\n    lambda driver: driver.execute_script('return document.readyState') == 'complete')\n                   ^^^^^^^^^^^^^^^^^^^^^^^^^^^^^^^^^^^^^^^^^^^^^^^^^^^\n  File \"/Users/ivanfedotikov/PycharmProjects/Sprint_5 — копия/.venv/lib/python3.12/site-packages/selenium/webdriver/remote/webdriver.py\", line 528, in execute_script\n    return self.execute(command, {\"script\": script, \"args\": converted_args})[\"value\"]\n           ^^^^^^^^^^^^^^^^^^^^^^^^^^^^^^^^^^^^^^^^^^^^^^^^^^^^^^^^^^^^^^^^^\n  File \"/Users/ivanfedotikov/PycharmProjects/Sprint_5 — копия/.venv/lib/python3.12/site-packages/selenium/webdriver/remote/webdriver.py\", line 429, in execute\n    self.error_handler.check_response(response)\n  File \"/Users/ivanfedotikov/PycharmProjects/Sprint_5 — копия/.venv/lib/python3.12/site-packages/selenium/webdriver/remote/errorhandler.py\", line 232, in check_response\n    raise exception_class(message, screen, stacktrace)\n"}, "steps": [{"name": "Ожидание загрузки страницы", "status": "broken", "statusDetails": {"message": "selenium.common.exceptions.NoSuchWindowException: Message: no such window: target window already closed\nfrom unknown error: web view not found\n  (Session info: chrome=137.0.7151.120)\nStacktrace:\n0   chromedriver                        0x0000000104535d14 cxxbridge1$str$ptr + 2735276\n1   chromedriver                        0x000000010452df88 cxxbridge1$str$ptr + 2703136\n2   chromedriver                        0x000000010407e6f0 cxxbridge1$string$len + 90424\n3   chromedriver                        0x0000000104058720 chromedriver + 132896\n4   chromedriver                        0x00000001040edcc4 cxxbridge1$string$len + 546572\n5   chromedriver                        0x0000000104106c08 cxxbridge1$string$len + 648784\n6   chromedriver                        0x00000001040b9be8 cxxbridge1$string$len + 333360\n7   chromedriver                        0x00000001044f9598 cxxbridge1$str$ptr + 2487600\n8   chromedriver                        0x00000001044fc830 cxxbridge1$str$ptr + 2500552\n9   chromedriver                        0x00000001044d9c14 cxxbridge1$str$ptr + 2358188\n10  chromedriver                        0x00000001044fd0b8 cxxbridge1$str$ptr + 2502736\n11  chromedriver                        0x00000001044cadec cxxbridge1$str$ptr + 2297220\n12  chromedriver                        0x000000010451d420 cxxbridge1$str$ptr + 2634680\n13  chromedriver                        0x000000010451d5ac cxxbridge1$str$ptr + 2635076\n14  chromedriver                        0x000000010452dbd4 cxxbridge1$str$ptr + 2702188\n15  libsystem_pthread.dylib             0x00000001804d02e4 _pthread_start + 136\n16  libsystem_pthread.dylib             0x00000001804cb0fc thread_start + 8\n\n", "trace": "  File \"/Users/ivanfedotikov/PycharmProjects/Sprint_5 — копия/.venv/lib/python3.12/site-packages/allure_commons/_allure.py\", line 202, in impl\n    return func(*a, **kw)\n           ^^^^^^^^^^^^^^\n  File \"/Users/ivanfedotikov/PycharmProjects/Diplom_3/pages/base_page.py\", line 55, in wait_for_page_load\n    WebDriverWait(self.driver, timeout).until(\n  File \"/Users/ivanfedotikov/PycharmProjects/Sprint_5 — копия/.venv/lib/python3.12/site-packages/selenium/webdriver/support/wait.py\", line 137, in until\n    value = method(self._driver)\n            ^^^^^^^^^^^^^^^^^^^^\n  File \"/Users/ivanfedotikov/PycharmProjects/Diplom_3/pages/base_page.py\", line 56, in <lambda>\n    lambda driver: driver.execute_script('return document.readyState') == 'complete')\n                   ^^^^^^^^^^^^^^^^^^^^^^^^^^^^^^^^^^^^^^^^^^^^^^^^^^^\n  File \"/Users/ivanfedotikov/PycharmProjects/Sprint_5 — копия/.venv/lib/python3.12/site-packages/selenium/webdriver/remote/webdriver.py\", line 528, in execute_script\n    return self.execute(command, {\"script\": script, \"args\": converted_args})[\"value\"]\n           ^^^^^^^^^^^^^^^^^^^^^^^^^^^^^^^^^^^^^^^^^^^^^^^^^^^^^^^^^^^^^^^^^\n  File \"/Users/ivanfedotikov/PycharmProjects/Sprint_5 — копия/.venv/lib/python3.12/site-packages/selenium/webdriver/remote/webdriver.py\", line 429, in execute\n    self.error_handler.check_response(response)\n  File \"/Users/ivanfedotikov/PycharmProjects/Sprint_5 — копия/.venv/lib/python3.12/site-packages/selenium/webdriver/remote/errorhandler.py\", line 232, in check_response\n    raise exception_class(message, screen, stacktrace)\n"}, "parameters": [{"name": "timeout", "value": "10"}], "start": 1750447728113, "stop": 1750447728115}], "parameters": [{"name": "locator", "value": "('xpath', '//p[text()=\"Личный Кабинет\"]')"}], "start": 1750447728113, "stop": 1750447728120}], "start": 1750447728113, "stop": 1750447728121}], "parameters": [{"name": "driver", "value": "'chrome'"}], "start": 1750447714019, "stop": 1750447728122, "uuid": "5767808e-1c98-4968-8c20-1cb08014eaa4", "historyId": "d13716e5e1e990b96b9f5e7d7f30f371", "testCaseId": "620719bbfde1b1214d89cccb7c4a3110", "fullName": "tests.test_constructor_page.TestConstructorPage#test_constructor_button", "labels": [{"name": "parentSuite", "value": "tests"}, {"name": "suite", "value": "test_constructor_page"}, {"name": "subSuite", "value": "TestConstructorPage"}, {"name": "host", "value": "MacBook-Pro----K7V1444JHH.local"}, {"name": "thread", "value": "77258-MainThread"}, {"name": "framework", "value": "pytest"}, {"name": "language", "value": "cpython3"}, {"name": "package", "value": "tests.test_constructor_page"}]}